
*** Running vivado
    with args -log segment_ip.vdi -applog -m64 -messageDb vivado.pb -mode batch -source segment_ip.tcl -notrace


****** Vivado v2015.2 (64-bit)
  **** SW Build 1266856 on Fri Jun 26 16:35:25 MDT 2015
  **** IP Build 1264090 on Wed Jun 24 14:22:01 MDT 2015
    ** Copyright 1986-2015 Xilinx, Inc. All Rights Reserved.

source segment_ip.tcl -notrace
Design is defaulting to srcset: sources_1
Design is defaulting to constrset: constrs_1
INFO: [Netlist 29-17] Analyzing 17 Unisim elements for replacement
INFO: [Netlist 29-28] Unisim Transformation completed in 0 CPU seconds
INFO: [Project 1-479] Netlist was created with Vivado 2015.2
INFO: [Device 21-403] Loading part xc7a35tcpg236-1
INFO: [Project 1-570] Preparing netlist for logic optimization
Parsing XDC File [D:/FPGA_basys3/7seg/7seg.srcs/constrs_1/new/seg_constraint.xdc]
Finished Parsing XDC File [D:/FPGA_basys3/7seg/7seg.srcs/constrs_1/new/seg_constraint.xdc]
INFO: [Opt 31-138] Pushed 0 inverter(s) to 0 load pin(s).
INFO: [Project 1-111] Unisim Transformation Summary:
No Unisim elements were transformed.

link_design: Time (s): cpu = 00:00:06 ; elapsed = 00:00:06 . Memory (MB): peak = 459.848 ; gain = 242.957
Command: opt_design
Attempting to get a license for feature 'Implementation' and/or device 'xc7a35t'
INFO: [Common 17-349] Got license for feature 'Implementation' and/or device 'xc7a35t'
Running DRC as a precondition to command opt_design

Starting DRC Task
INFO: [DRC 23-27] Running DRC with 2 threads
INFO: [Project 1-461] DRC finished with 0 Errors
INFO: [Project 1-462] Please refer to the DRC report (report_drc) for more information.

Time (s): cpu = 00:00:00 ; elapsed = 00:00:00.104 . Memory (MB): peak = 480.125 ; gain = 0.000
INFO: [Timing 38-35] Done setting XDC timing constraints.

Starting Logic Optimization Task

Phase 1 Retarget

INFO: [Opt 31-138] Pushed 0 inverter(s) to 0 load pin(s).
INFO: [Opt 31-49] Retargeted 0 cell(s).
Phase 1 Retarget | Checksum: 1fd2bb5f4

Time (s): cpu = 00:00:00 ; elapsed = 00:00:00.038 . Memory (MB): peak = 936.930 ; gain = 0.000

Phase 2 Constant Propagation
INFO: [Opt 31-138] Pushed 0 inverter(s) to 0 load pin(s).
INFO: [Opt 31-10] Eliminated 0 cells.
Phase 2 Constant Propagation | Checksum: 1fd2bb5f4

Time (s): cpu = 00:00:00 ; elapsed = 00:00:00.045 . Memory (MB): peak = 936.930 ; gain = 0.000

Phase 3 Sweep
INFO: [Opt 31-12] Eliminated 46 unconnected nets.
INFO: [Opt 31-11] Eliminated 0 unconnected cells.
Phase 3 Sweep | Checksum: 1c3a16427

Time (s): cpu = 00:00:00 ; elapsed = 00:00:00.072 . Memory (MB): peak = 936.930 ; gain = 0.000

Starting Connectivity Check Task

Time (s): cpu = 00:00:00 ; elapsed = 00:00:00.001 . Memory (MB): peak = 936.930 ; gain = 0.000
Ending Logic Optimization Task | Checksum: 1c3a16427

Time (s): cpu = 00:00:00 ; elapsed = 00:00:00.074 . Memory (MB): peak = 936.930 ; gain = 0.000
Implement Debug Cores | Checksum: 178b125dd
Logic Optimization | Checksum: 178b125dd

Starting Power Optimization Task
INFO: [Pwropt 34-132] Skipping clock gating for clocks with a period < 3.13 ns.
Ending Power Optimization Task | Checksum: 1c3a16427

Time (s): cpu = 00:00:00 ; elapsed = 00:00:00.010 . Memory (MB): peak = 936.930 ; gain = 0.000
INFO: [Common 17-83] Releasing license: Implementation
20 Infos, 0 Warnings, 0 Critical Warnings and 0 Errors encountered.
opt_design completed successfully
opt_design: Time (s): cpu = 00:00:17 ; elapsed = 00:00:18 . Memory (MB): peak = 936.930 ; gain = 477.082
Writing placer database...
Writing XDEF routing.
Writing XDEF routing logical nets.
Writing XDEF routing special nets.
Write XDEF Complete: Time (s): cpu = 00:00:00 ; elapsed = 00:00:00.087 . Memory (MB): peak = 936.930 ; gain = 0.000
INFO: [DRC 23-27] Running DRC with 2 threads
INFO: [Coretcl 2-168] The results of DRC are in file D:/FPGA_basys3/7seg/7seg.runs/impl_1/segment_ip_drc_opted.rpt.
INFO: [#UNDEF] Cannot write hardware definition file as there are no IPI block design hardware handoff files present
Command: place_design
Attempting to get a license for feature 'Implementation' and/or device 'xc7a35t'
INFO: [Common 17-349] Got license for feature 'Implementation' and/or device 'xc7a35t'
INFO: [DRC 23-27] Running DRC with 2 threads
INFO: [Vivado_Tcl 4-198] DRC finished with 0 Errors
INFO: [Vivado_Tcl 4-199] Please refer to the DRC report (report_drc) for more information.
Running DRC as a precondition to command place_design
INFO: [DRC 23-27] Running DRC with 2 threads
INFO: [Vivado_Tcl 4-198] DRC finished with 0 Errors
INFO: [Vivado_Tcl 4-199] Please refer to the DRC report (report_drc) for more information.

Starting Placer Task
INFO: [Place 30-611] Multithreading enabled for place_design using a maximum of 2 CPUs

Phase 1 Placer Runtime Estimator
Phase 1 Placer Runtime Estimator | Checksum: 14c06cadc

Time (s): cpu = 00:00:00 ; elapsed = 00:00:00.038 . Memory (MB): peak = 936.930 ; gain = 0.000

Phase 2 Placer Initialization
Netlist sorting complete. Time (s): cpu = 00:00:00 ; elapsed = 00:00:00 . Memory (MB): peak = 936.930 ; gain = 0.000
Netlist sorting complete. Time (s): cpu = 00:00:00 ; elapsed = 00:00:00 . Memory (MB): peak = 936.930 ; gain = 0.000

Phase 2.1 IO Placement/ Clock Placement/ Build Placer Device

Phase 2.1.1 Pre-Place Cells
Phase 2.1.1 Pre-Place Cells | Checksum: 78404e41

Time (s): cpu = 00:00:00 ; elapsed = 00:00:00.058 . Memory (MB): peak = 936.930 ; gain = 0.000
INFO: [Timing 38-35] Done setting XDC timing constraints.

Phase 2.1.2 IO & Clk Clean Up
Phase 2.1.2 IO & Clk Clean Up | Checksum: 78404e41

Time (s): cpu = 00:00:01 ; elapsed = 00:00:01 . Memory (MB): peak = 960.941 ; gain = 24.012

Phase 2.1.3 Implementation Feasibility check On IDelay
Phase 2.1.3 Implementation Feasibility check On IDelay | Checksum: 78404e41

Time (s): cpu = 00:00:01 ; elapsed = 00:00:01 . Memory (MB): peak = 960.941 ; gain = 24.012

Phase 2.1.4 Commit IO Placement
Phase 2.1.4 Commit IO Placement | Checksum: 228ab4c7

Time (s): cpu = 00:00:01 ; elapsed = 00:00:01 . Memory (MB): peak = 960.941 ; gain = 24.012
Phase 2.1 IO Placement/ Clock Placement/ Build Placer Device | Checksum: 9bf99a35

Time (s): cpu = 00:00:01 ; elapsed = 00:00:01 . Memory (MB): peak = 960.941 ; gain = 24.012

Phase 2.2 Build Placer Netlist Model

Phase 2.2.1 Place Init Design
Phase 2.2.1 Place Init Design | Checksum: c2b0bd42

Time (s): cpu = 00:00:01 ; elapsed = 00:00:01 . Memory (MB): peak = 960.941 ; gain = 24.012
Phase 2.2 Build Placer Netlist Model | Checksum: c2b0bd42

Time (s): cpu = 00:00:01 ; elapsed = 00:00:01 . Memory (MB): peak = 960.941 ; gain = 24.012

Phase 2.3 Constrain Clocks/Macros

Phase 2.3.1 Constrain Global/Regional Clocks
Phase 2.3.1 Constrain Global/Regional Clocks | Checksum: c2b0bd42

Time (s): cpu = 00:00:01 ; elapsed = 00:00:01 . Memory (MB): peak = 960.941 ; gain = 24.012
Phase 2.3 Constrain Clocks/Macros | Checksum: c2b0bd42

Time (s): cpu = 00:00:01 ; elapsed = 00:00:01 . Memory (MB): peak = 960.941 ; gain = 24.012
Phase 2 Placer Initialization | Checksum: c2b0bd42

Time (s): cpu = 00:00:01 ; elapsed = 00:00:01 . Memory (MB): peak = 960.941 ; gain = 24.012

Phase 3 Global Placement
Phase 3 Global Placement | Checksum: 158dab047

Time (s): cpu = 00:00:02 ; elapsed = 00:00:01 . Memory (MB): peak = 960.941 ; gain = 24.012

Phase 4 Detail Placement

Phase 4.1 Commit Multi Column Macros
Phase 4.1 Commit Multi Column Macros | Checksum: 158dab047

Time (s): cpu = 00:00:02 ; elapsed = 00:00:01 . Memory (MB): peak = 960.941 ; gain = 24.012

Phase 4.2 Commit Most Macros & LUTRAMs
Phase 4.2 Commit Most Macros & LUTRAMs | Checksum: 1dca08bbc

Time (s): cpu = 00:00:02 ; elapsed = 00:00:01 . Memory (MB): peak = 960.941 ; gain = 24.012

Phase 4.3 Area Swap Optimization
Phase 4.3 Area Swap Optimization | Checksum: 1cf27599f

Time (s): cpu = 00:00:02 ; elapsed = 00:00:01 . Memory (MB): peak = 960.941 ; gain = 24.012

Phase 4.4 Small Shape Detail Placement

Phase 4.4.1 Commit Small Macros & Core Logic

Phase 4.4.1.1 Commit Slice Clusters
Phase 4.4.1.1 Commit Slice Clusters | Checksum: 1c23ac7ca

Time (s): cpu = 00:00:02 ; elapsed = 00:00:02 . Memory (MB): peak = 960.941 ; gain = 24.012
Phase 4.4.1 Commit Small Macros & Core Logic | Checksum: 1c23ac7ca

Time (s): cpu = 00:00:02 ; elapsed = 00:00:02 . Memory (MB): peak = 960.941 ; gain = 24.012

Phase 4.4.2 Clock Restriction Legalization for Leaf Columns
Phase 4.4.2 Clock Restriction Legalization for Leaf Columns | Checksum: 1c23ac7ca

Time (s): cpu = 00:00:02 ; elapsed = 00:00:02 . Memory (MB): peak = 960.941 ; gain = 24.012

Phase 4.4.3 Clock Restriction Legalization for Non-Clock Pins
Phase 4.4.3 Clock Restriction Legalization for Non-Clock Pins | Checksum: 1c23ac7ca

Time (s): cpu = 00:00:02 ; elapsed = 00:00:02 . Memory (MB): peak = 960.941 ; gain = 24.012
Phase 4.4 Small Shape Detail Placement | Checksum: 1c23ac7ca

Time (s): cpu = 00:00:02 ; elapsed = 00:00:02 . Memory (MB): peak = 960.941 ; gain = 24.012

Phase 4.5 Re-assign LUT pins
Phase 4.5 Re-assign LUT pins | Checksum: 1c23ac7ca

Time (s): cpu = 00:00:02 ; elapsed = 00:00:02 . Memory (MB): peak = 960.941 ; gain = 24.012
Phase 4 Detail Placement | Checksum: 1c23ac7ca

Time (s): cpu = 00:00:02 ; elapsed = 00:00:02 . Memory (MB): peak = 960.941 ; gain = 24.012

Phase 5 Post Placement Optimization and Clean-Up

Phase 5.1 PCOPT Shape updates
Phase 5.1 PCOPT Shape updates | Checksum: 23794c3df

Time (s): cpu = 00:00:02 ; elapsed = 00:00:02 . Memory (MB): peak = 960.941 ; gain = 24.012

Phase 5.2 Post Commit Optimization
Phase 5.2 Post Commit Optimization | Checksum: 23794c3df

Time (s): cpu = 00:00:02 ; elapsed = 00:00:02 . Memory (MB): peak = 960.941 ; gain = 24.012

Phase 5.3 Sweep Clock Roots: Post-Placement
Phase 5.3 Sweep Clock Roots: Post-Placement | Checksum: 23794c3df

Time (s): cpu = 00:00:02 ; elapsed = 00:00:02 . Memory (MB): peak = 960.941 ; gain = 24.012

Phase 5.4 Post Placement Cleanup
Phase 5.4 Post Placement Cleanup | Checksum: 23794c3df

Time (s): cpu = 00:00:02 ; elapsed = 00:00:02 . Memory (MB): peak = 960.941 ; gain = 24.012

Phase 5.5 Placer Reporting
Phase 5.5 Placer Reporting | Checksum: 23794c3df

Time (s): cpu = 00:00:02 ; elapsed = 00:00:02 . Memory (MB): peak = 960.941 ; gain = 24.012

Phase 5.6 Final Placement Cleanup
Phase 5.6 Final Placement Cleanup | Checksum: 28b02adbf

Time (s): cpu = 00:00:02 ; elapsed = 00:00:02 . Memory (MB): peak = 960.941 ; gain = 24.012
Phase 5 Post Placement Optimization and Clean-Up | Checksum: 28b02adbf

Time (s): cpu = 00:00:02 ; elapsed = 00:00:02 . Memory (MB): peak = 960.941 ; gain = 24.012
Ending Placer Task | Checksum: 1b27da9e3

Time (s): cpu = 00:00:02 ; elapsed = 00:00:02 . Memory (MB): peak = 960.941 ; gain = 24.012
INFO: [Common 17-83] Releasing license: Implementation
33 Infos, 0 Warnings, 0 Critical Warnings and 0 Errors encountered.
place_design completed successfully
Writing placer database...
Writing XDEF routing.
Writing XDEF routing logical nets.
Writing XDEF routing special nets.
Write XDEF Complete: Time (s): cpu = 00:00:00 ; elapsed = 00:00:00.098 . Memory (MB): peak = 960.941 ; gain = 0.000
report_io: Time (s): cpu = 00:00:00 ; elapsed = 00:00:00.047 . Memory (MB): peak = 960.941 ; gain = 0.000
report_utilization: Time (s): cpu = 00:00:00 ; elapsed = 00:00:00.083 . Memory (MB): peak = 960.941 ; gain = 0.000
report_control_sets: Time (s): cpu = 00:00:00 ; elapsed = 00:00:00.006 . Memory (MB): peak = 960.941 ; gain = 0.000
Command: route_design
Attempting to get a license for feature 'Implementation' and/or device 'xc7a35t'
INFO: [Common 17-349] Got license for feature 'Implementation' and/or device 'xc7a35t'
Running DRC as a precondition to command route_design
INFO: [DRC 23-27] Running DRC with 2 threads
INFO: [Vivado_Tcl 4-198] DRC finished with 0 Errors
INFO: [Vivado_Tcl 4-199] Please refer to the DRC report (report_drc) for more information.


Starting Routing Task
INFO: [Route 35-254] Multithreading enabled for route_design using a maximum of 2 CPUs

Phase 1 Build RT Design
Phase 1 Build RT Design | Checksum: 11347b8b4

Time (s): cpu = 00:00:41 ; elapsed = 00:00:37 . Memory (MB): peak = 1021.668 ; gain = 60.727

Phase 2 Router Initialization
INFO: [Route 35-64] No timing constraints were detected. The router will operate in resource-optimization mode.

Phase 2.1 Pre Route Cleanup
Phase 2.1 Pre Route Cleanup | Checksum: 11347b8b4

Time (s): cpu = 00:00:41 ; elapsed = 00:00:37 . Memory (MB): peak = 1027.258 ; gain = 66.316
 Number of Nodes with overlaps = 0
Phase 2 Router Initialization | Checksum: c2da8bfd

Time (s): cpu = 00:00:42 ; elapsed = 00:00:38 . Memory (MB): peak = 1033.633 ; gain = 72.691

Phase 3 Initial Routing
Phase 3 Initial Routing | Checksum: 12cd4f432

Time (s): cpu = 00:00:42 ; elapsed = 00:00:38 . Memory (MB): peak = 1033.633 ; gain = 72.691

Phase 4 Rip-up And Reroute

Phase 4.1 Global Iteration 0
 Number of Nodes with overlaps = 2
 Number of Nodes with overlaps = 0
Phase 4.1 Global Iteration 0 | Checksum: 96499bf9

Time (s): cpu = 00:00:42 ; elapsed = 00:00:38 . Memory (MB): peak = 1033.633 ; gain = 72.691
Phase 4 Rip-up And Reroute | Checksum: 96499bf9

Time (s): cpu = 00:00:42 ; elapsed = 00:00:38 . Memory (MB): peak = 1033.633 ; gain = 72.691

Phase 5 Delay and Skew Optimization
Phase 5 Delay and Skew Optimization | Checksum: 96499bf9

Time (s): cpu = 00:00:42 ; elapsed = 00:00:38 . Memory (MB): peak = 1033.633 ; gain = 72.691

Phase 6 Post Hold Fix
Phase 6 Post Hold Fix | Checksum: 96499bf9

Time (s): cpu = 00:00:42 ; elapsed = 00:00:38 . Memory (MB): peak = 1033.633 ; gain = 72.691

Phase 7 Route finalize

Router Utilization Summary
  Global Vertical Routing Utilization    = 0.0183369 %
  Global Horizontal Routing Utilization  = 0.0174388 %
  Routable Net Status*
  *Does not include unroutable nets such as driverless and loadless.
  Run report_route_status for detailed report.
  Number of Failed Nets               = 0
  Number of Unrouted Nets             = 0
  Number of Partially Routed Nets     = 0
  Number of Node Overlaps             = 0

Congestion Report
North Dir 1x1 Area, Max Cong = 16.2162%, No Congested Regions.
South Dir 1x1 Area, Max Cong = 13.5135%, No Congested Regions.
East Dir 1x1 Area, Max Cong = 13.2353%, No Congested Regions.
West Dir 1x1 Area, Max Cong = 11.7647%, No Congested Regions.
Phase 7 Route finalize | Checksum: 96499bf9

Time (s): cpu = 00:00:42 ; elapsed = 00:00:38 . Memory (MB): peak = 1033.633 ; gain = 72.691

Phase 8 Verifying routed nets

 Verification completed successfully
Phase 8 Verifying routed nets | Checksum: 96499bf9

Time (s): cpu = 00:00:42 ; elapsed = 00:00:38 . Memory (MB): peak = 1033.633 ; gain = 72.691

Phase 9 Depositing Routes
Phase 9 Depositing Routes | Checksum: cbadb65d

Time (s): cpu = 00:00:42 ; elapsed = 00:00:38 . Memory (MB): peak = 1033.633 ; gain = 72.691
INFO: [Route 35-16] Router Completed Successfully

Time (s): cpu = 00:00:42 ; elapsed = 00:00:38 . Memory (MB): peak = 1033.633 ; gain = 72.691

Routing Is Done.
INFO: [Common 17-83] Releasing license: Implementation
41 Infos, 0 Warnings, 0 Critical Warnings and 0 Errors encountered.
route_design completed successfully
route_design: Time (s): cpu = 00:00:43 ; elapsed = 00:00:39 . Memory (MB): peak = 1033.633 ; gain = 72.691
Writing placer database...
Writing XDEF routing.
Writing XDEF routing logical nets.
Writing XDEF routing special nets.
Write XDEF Complete: Time (s): cpu = 00:00:00 ; elapsed = 00:00:00.090 . Memory (MB): peak = 1033.633 ; gain = 0.000
INFO: [DRC 23-27] Running DRC with 2 threads
INFO: [Coretcl 2-168] The results of DRC are in file D:/FPGA_basys3/7seg/7seg.runs/impl_1/segment_ip_drc_routed.rpt.
INFO: [Timing 38-91] UpdateTimingParams: Speed grade: -1, Delay Type: min_max.
INFO: [Timing 38-191] Multithreading enabled for timing update using a maximum of 2 CPUs
WARNING: [Timing 38-313] There are no user specified timing constraints. Timing constraints are needed for proper timing analysis.
WARNING: [Power 33-232] No user defined clocks were found in the design!
Resolution: Please specify clocks using create_clock/create_generated_clock for sequential elements. For pure combinatorial circuits, please specify a virtual clock, otherwise the vectorless estimation might be inaccurate
Running Vector-less Activity Propagation...

Finished Running Vector-less Activity Propagation
INFO: [Common 17-206] Exiting Vivado at Thu Jun 22 11:42:34 2017...

*** Running vivado
    with args -log segment_ip.vdi -applog -m64 -messageDb vivado.pb -mode batch -source segment_ip.tcl -notrace


****** Vivado v2015.2 (64-bit)
  **** SW Build 1266856 on Fri Jun 26 16:35:25 MDT 2015
  **** IP Build 1264090 on Wed Jun 24 14:22:01 MDT 2015
    ** Copyright 1986-2015 Xilinx, Inc. All Rights Reserved.

source segment_ip.tcl -notrace
Command: open_checkpoint segment_ip_routed.dcp
INFO: [Netlist 29-17] Analyzing 17 Unisim elements for replacement
INFO: [Netlist 29-28] Unisim Transformation completed in 0 CPU seconds
INFO: [Project 1-479] Netlist was created with Vivado 2015.2
INFO: [Device 21-403] Loading part xc7a35tcpg236-1
INFO: [Project 1-570] Preparing netlist for logic optimization
Parsing XDC File [D:/FPGA_basys3/7seg/7seg.runs/impl_1/.Xil/Vivado-20916-DESKTOP-747DSG2/dcp/segment_ip.xdc]
Finished Parsing XDC File [D:/FPGA_basys3/7seg/7seg.runs/impl_1/.Xil/Vivado-20916-DESKTOP-747DSG2/dcp/segment_ip.xdc]
Reading XDEF placement.
Reading placer database...
Reading XDEF routing.
Read XDEF File: Time (s): cpu = 00:00:00 ; elapsed = 00:00:00.056 . Memory (MB): peak = 449.949 ; gain = 0.000
Restored from archive | CPU: 0.000000 secs | Memory: 0.000000 MB |
Finished XDEF File Restore: Time (s): cpu = 00:00:00 ; elapsed = 00:00:00.056 . Memory (MB): peak = 449.949 ; gain = 0.000
INFO: [Project 1-111] Unisim Transformation Summary:
No Unisim elements were transformed.

INFO: [Project 1-484] Checkpoint was created with build 1266856
open_checkpoint: Time (s): cpu = 00:00:05 ; elapsed = 00:00:06 . Memory (MB): peak = 449.949 ; gain = 243.879
Attempting to get a license for feature 'Implementation' and/or device 'xc7a35t'
INFO: [Common 17-349] Got license for feature 'Implementation' and/or device 'xc7a35t'
Running DRC as a precondition to command write_bitstream
INFO: [DRC 23-27] Running DRC with 2 threads
WARNING: [DRC 23-20] Rule violation (CFGBVS-1) Missing CFGBVS and CONFIG_VOLTAGE Design Properties - Neither the CFGBVS nor CONFIG_VOLTAGE voltage property is set in the current_design.  Configuration bank voltage select (CFGBVS) must be set to VCCO or GND, and CONFIG_VOLTAGE must be set to the correct configuration voltage, in order to determine the I/O voltage support for the pins in bank 0.  It is suggested to specify these either using the 'Edit Device Properties' function in the GUI or directly in the XDC file using the following syntax:

 set_property CFGBVS value1 [current_design]
 #where value1 is either VCCO or GND

 set_property CONFIG_VOLTAGE value2 [current_design]
 #where value2 is the voltage provided to configuration bank 0

Refer to the device configuration user guide for more information.
INFO: [Vivado 12-3199] DRC finished with 0 Errors, 1 Warnings
INFO: [Vivado 12-3200] Please refer to the DRC report (report_drc) for more information.
Loading data files...
Loading site data...
Loading route data...
Processing options...
Creating bitmap...
Creating bitstream...
Writing bitstream ./segment_ip.bit...
INFO: [Vivado 12-1842] Bitgen Completed Successfully.
INFO: [Common 17-83] Releasing license: Implementation
write_bitstream: Time (s): cpu = 00:00:26 ; elapsed = 00:00:26 . Memory (MB): peak = 789.195 ; gain = 339.246
INFO: [Vivado_Tcl 4-395] Unable to parse hwdef file segment_ip.hwdef
INFO: [Common 17-206] Exiting Vivado at Thu Jun 22 11:43:18 2017...
